4/11/2023 8:29:33 PM	This log contains information about the import schema operation into project 'Azure-sql-db-cicd' on computer 'INBOOK_X1_PRO' by user 'Venkat'.
4/11/2023 8:29:34 PM	Import of database schema has started.
4/11/2023 8:29:43 PM	Gathering logins
4/11/2023 8:29:44 PM	Gathering database credentials
4/11/2023 8:29:44 PM	Gathering database options
4/11/2023 8:29:44 PM	Gathering generic database scoped configuration option
4/11/2023 8:29:44 PM	Gathering users
4/11/2023 8:29:44 PM	Gathering roles
4/11/2023 8:29:44 PM	Gathering application roles
4/11/2023 8:29:44 PM	Gathering role memberships
4/11/2023 8:29:44 PM	Gathering filegroups
4/11/2023 8:29:44 PM	Gathering full-text catalogs
4/11/2023 8:29:44 PM	Gathering assemblies
4/11/2023 8:29:44 PM	Gathering certificates
4/11/2023 8:29:44 PM	Gathering symmetric keys
4/11/2023 8:29:44 PM	Gathering encrypted symmetric keys
4/11/2023 8:29:44 PM	Gathering schemas
4/11/2023 8:29:44 PM	Gathering XML schema collections
4/11/2023 8:29:44 PM	Gathering user-defined data types
4/11/2023 8:29:44 PM	Gathering user-defined types
4/11/2023 8:29:44 PM	Gathering table types
4/11/2023 8:29:44 PM	Gathering unique keys for table types
4/11/2023 8:29:44 PM	Gathering primary keys for table types
4/11/2023 8:29:44 PM	Gathering indexes for table types
4/11/2023 8:29:44 PM	Gathering check constraints for table types
4/11/2023 8:29:44 PM	Gathering default constraints for table types
4/11/2023 8:29:44 PM	Gathering partition functions
4/11/2023 8:29:44 PM	Gathering partition schemes
4/11/2023 8:29:44 PM	Gathering functions
4/11/2023 8:29:44 PM	Gathering encrypted functions
4/11/2023 8:29:44 PM	Gathering aggregates
4/11/2023 8:29:44 PM	Gathering procedures
4/11/2023 8:29:44 PM	Gathering encrypted procedures
4/11/2023 8:29:44 PM	Gathering tables
4/11/2023 8:29:44 PM	Gathering primary keys
4/11/2023 8:29:44 PM	Gathering unique constraints
4/11/2023 8:29:44 PM	Gathering foreign keys
4/11/2023 8:29:44 PM	Gathering default constraints
4/11/2023 8:29:44 PM	Gathering check constraints
4/11/2023 8:29:44 PM	Gathering views
4/11/2023 8:29:44 PM	Gathering encrypted views
4/11/2023 8:29:44 PM	Gathering indexes
4/11/2023 8:29:44 PM	Gathering statistics
4/11/2023 8:29:44 PM	Gathering full-text index stoplists
4/11/2023 8:29:44 PM	Gathering search property lists
4/11/2023 8:29:44 PM	Gathering search properties
4/11/2023 8:29:44 PM	Gathering full-text indexes
4/11/2023 8:29:44 PM	Gathering column store indexes
4/11/2023 8:29:44 PM	Gathering spatial indexes
4/11/2023 8:29:44 PM	Gathering XML indexes
4/11/2023 8:29:44 PM	Gathering Selective XML indexes
4/11/2023 8:29:44 PM	Gathering encrypted triggers
4/11/2023 8:29:44 PM	Gathering triggers
4/11/2023 8:29:44 PM	Gathering encrypted and clr ddl triggers
4/11/2023 8:29:44 PM	Gathering ddl triggers
4/11/2023 8:29:44 PM	Creating edge constraints
4/11/2023 8:29:44 PM	Gathering synonyms
4/11/2023 8:29:44 PM	Gathering defaults
4/11/2023 8:29:44 PM	Gathering data constraint uddt bindings
4/11/2023 8:29:44 PM	Gathering rules
4/11/2023 8:29:44 PM	Gathering data constraint uddt bindings
4/11/2023 8:29:44 PM	Gathering message types
4/11/2023 8:29:44 PM	Gathering queues
4/11/2023 8:29:44 PM	Gathering contracts
4/11/2023 8:29:44 PM	Gathering services
4/11/2023 8:29:44 PM	Gathering event notifications
4/11/2023 8:29:44 PM	Gathering remote service bindings
4/11/2023 8:29:44 PM	Gathering broker priorities
4/11/2023 8:29:44 PM	Gathering signatures
4/11/2023 8:29:44 PM	Gathering compression options
4/11/2023 8:29:44 PM	Gathering sequence types
4/11/2023 8:29:44 PM	Gathering security policies
4/11/2023 8:29:44 PM	Gather column encryption keys
4/11/2023 8:29:44 PM	Gathering column master keys
4/11/2023 8:29:44 PM	Gathering external data sources
4/11/2023 8:29:44 PM	Gathering external tables
4/11/2023 8:29:44 PM	Gathering XML index compression options
4/11/2023 8:29:44 PM	Gathering extended properties
4/11/2023 8:29:44 PM	Gathering assemblies
4/11/2023 8:29:49 PM	Gathering logins
4/11/2023 8:29:50 PM	Scanning project for duplicate elements
4/11/2023 8:29:50 PM	Finished duplicate element processing
4/11/2023 8:29:50 PM	Finished importing database.
4/11/2023 8:29:50 PM	A summary of the import was saved to the following location: C:\Users\Venkat\source\repos\Azure-sql-db-cicd\Azure-sql-db-cicd\Azure-sql-db-cicd\Import Schema Logs\Azure-sql-db-cicd_20230411025933.log
4/11/2023 8:29:50 PM	Click Finish to continue...
